<?xml version="1.0" encoding="UTF-8"?>
<!-- Generated by org.testng.reporters.JUnitReportReporter -->
<testsuite hostname="DESKTOP-UBHKPAU" failures="0" tests="1" name="billing.SingleLessonCountTestNG" time="218.015" errors="0" timestamp="2025-01-08T03:58:29 CST" skipped="0">
  <testcase classname="billing.SingleLessonCountTestNG" name="calculateSingleLessonCounts" time="218.015"/>
</testsuite> <!-- billing.SingleLessonCountTestNG -->
