<?xml version="1.0" encoding="UTF-8"?>
<!-- Generated by org.testng.reporters.JUnitReportReporter -->
<testsuite hostname="DESKTOP-UBHKPAU" failures="0" tests="1" name="Twelve_tone.client_details" time="58.796" errors="0" timestamp="2024-12-26T03:27:27 CST" skipped="0">
  <testcase classname="Twelve_tone.client_details" name="all_client" time="58.796"/>
</testsuite> <!-- Twelve_tone.client_details -->
