<?xml version="1.0" encoding="UTF-8"?>
<!-- Generated by org.testng.reporters.JUnitReportReporter -->
<testsuite hostname="DESKTOP-UBHKPAU" failures="0" tests="4" name="Twelve_tone.Billing_Reports" time="119.594" errors="0" timestamp="2024-12-26T23:20:46 CST" skipped="0">
  <testcase classname="Twelve_tone.Billing_Reports" name="saveScheduledClientRowsToExcel" time="20.160"/>
  <testcase classname="Twelve_tone.Billing_Reports" name="findFailedRowAndWriteToExcel" time="18.840"/>
  <testcase classname="Twelve_tone.Billing_Reports" name="saveALLClientRowsToExcel" time="41.858"/>
  <testcase classname="Twelve_tone.Billing_Reports" name="findPaidRowAndWriteToExcel" time="38.736"/>
</testsuite> <!-- Twelve_tone.Billing_Reports -->
