<?xml version="1.0" encoding="UTF-8"?>
<!-- Generated by org.testng.reporters.JUnitReportReporter -->
<testsuite hostname="DESKTOP-UBHKPAU" failures="0" tests="4" name="Twelve_tone.demo" time="110.260" errors="0" timestamp="2024-12-27T05:53:44 CST" skipped="0">
  <testcase classname="Twelve_tone.demo" name="ALLClientRowsToExcel" time="37.894"/>
  <testcase classname="Twelve_tone.demo" name="Scheuled_Clients" time="20.128"/>
  <testcase classname="Twelve_tone.demo" name="Failed_amounts" time="16.365"/>
  <testcase classname="Twelve_tone.demo" name="paid_amounts" time="35.873"/>
</testsuite> <!-- Twelve_tone.demo -->
