<?xml version="1.0" encoding="UTF-8"?>
<!-- Generated by org.testng.reporters.JUnitReportReporter -->
<testsuite hostname="DESKTOP-UBHKPAU" failures="0" tests="1" name="billing.Compare_lesson_Schedule" time="188.620" errors="0" timestamp="2025-01-07T08:05:14 CST" skipped="0">
  <testcase classname="billing.Compare_lesson_Schedule" name="Schedule_Lesson" time="188.620"/>
</testsuite> <!-- billing.Compare_lesson_Schedule -->
