<?xml version="1.0" encoding="UTF-8"?>
<!-- Generated by org.testng.reporters.JUnitReportReporter -->
<testsuite hostname="DESKTOP-UBHKPAU" failures="0" tests="1" name="Demo" time="185.002" errors="0" timestamp="2025-02-27T07:08:46 CST" skipped="0">
  <testcase classname="Demo" name="capacityCount" time="185.002"/>
</testsuite> <!-- Demo -->
