<?xml version="1.0" encoding="UTF-8"?>
<!-- Generated by org.testng.reporters.JUnitReportReporter -->
<testsuite hostname="DESKTOP-UBHKPAU" failures="0" tests="7" name="Twelve_tone.login" time="59.521" errors="0" timestamp="2024-12-27T06:31:34 CST" skipped="0">
  <testcase classname="Twelve_tone.login" name="Login_with_Blanks_fields" time="7.735"/>
  <testcase classname="Twelve_tone.login" name="Blank_email_valid_Password" time="7.728"/>
  <testcase classname="Twelve_tone.login" name="Blank_email_Invalid_Password" time="7.854"/>
  <testcase classname="Twelve_tone.login" name="Valid_email_Blank_Password" time="9.122"/>
  <testcase classname="Twelve_tone.login" name="Invalid_email_Blank_Password" time="7.130"/>
  <testcase classname="Twelve_tone.login" name="Invalid_Email_and_password" time="9.040"/>
  <testcase classname="Twelve_tone.login" name="valid_login" time="10.912"/>
</testsuite> <!-- Twelve_tone.login -->
